<?xml version="1.0" encoding="UTF-8"?>
<!-- Generated by org.testng.reporters.JUnitReportReporter -->
<testsuite hostname="DESKTOP-D5HESNP" failures="0" tests="3" name="tests.User" time="5.371" errors="0" timestamp="2022-03-17T16:13:42 EET" skipped="0">
  <testcase classname="tests.User" name="whenGetUserPosts" time="0.627"/>
  <system-out/>
  <testcase classname="tests.User" name="GetUser" time="4.052"/>
  <system-out/>
  <testcase classname="tests.User" name="whenAddPost" time="0.692"/>
  <system-out/>
</testsuite> <!-- tests.User -->
